0 info it worked if it ends with ok
1 verbose cli [ '/home/fizzmod/.nvm/versions/node/v7.1.0/bin/node',
1 verbose cli   '/home/fizzmod/.nvm/versions/node/v7.1.0/bin/npm',
1 verbose cli   'run',
1 verbose cli   'wath' ]
2 info using npm@3.10.9
3 info using node@v7.1.0
4 verbose stack Error: missing script: wath
4 verbose stack     at run (/home/fizzmod/.nvm/versions/node/v7.1.0/lib/node_modules/npm/lib/run-script.js:151:19)
4 verbose stack     at /home/fizzmod/.nvm/versions/node/v7.1.0/lib/node_modules/npm/lib/run-script.js:61:5
4 verbose stack     at /home/fizzmod/.nvm/versions/node/v7.1.0/lib/node_modules/npm/node_modules/read-package-json/read-json.js:356:5
4 verbose stack     at checkBinReferences_ (/home/fizzmod/.nvm/versions/node/v7.1.0/lib/node_modules/npm/node_modules/read-package-json/read-json.js:320:45)
4 verbose stack     at final (/home/fizzmod/.nvm/versions/node/v7.1.0/lib/node_modules/npm/node_modules/read-package-json/read-json.js:354:3)
4 verbose stack     at then (/home/fizzmod/.nvm/versions/node/v7.1.0/lib/node_modules/npm/node_modules/read-package-json/read-json.js:124:5)
4 verbose stack     at /home/fizzmod/.nvm/versions/node/v7.1.0/lib/node_modules/npm/node_modules/read-package-json/read-json.js:243:12
4 verbose stack     at /home/fizzmod/.nvm/versions/node/v7.1.0/lib/node_modules/npm/node_modules/graceful-fs/graceful-fs.js:78:16
4 verbose stack     at tryToString (fs.js:425:3)
4 verbose stack     at FSReqWrap.readFileAfterClose [as oncomplete] (fs.js:412:12)
5 verbose cwd /var/www/aurora/fizzmod-scripts
6 error Linux 4.4.0-51-generic
7 error argv "/home/fizzmod/.nvm/versions/node/v7.1.0/bin/node" "/home/fizzmod/.nvm/versions/node/v7.1.0/bin/npm" "run" "wath"
8 error node v7.1.0
9 error npm  v3.10.9
10 error missing script: wath
11 error If you need help, you may report this error at:
11 error     <https://github.com/npm/npm/issues>
12 verbose exit [ 1, true ]
